<?xml version="1.0" encoding="UTF-8"?>
<!-- Generated by org.testng.reporters.JUnitReportReporter -->
<testsuite hostname="MSI" failures="0" tests="2" name="pac2.orgTest" time="0.000" errors="0" timestamp="2025-03-04T16:03:14 IST" skipped="0">
  <testcase classname="pac2.orgTest" name="createOrgTest" time="0.000"/>
  <testcase classname="pac2.orgTest" name="modifyOrgTest" time="0.000"/>
</testsuite> <!-- pac2.orgTest -->
